#
# There is insufficient memory for the Java Runtime Environment to continue.
# Native memory allocation (malloc) failed to allocate 249536 bytes for Chunk::new
# Possible reasons:
#   The system is out of physical RAM or swap space
#   The process is running with CompressedOops enabled, and the Java Heap may be blocking the growth of the native heap
# Possible solutions:
#   Reduce memory load on the system
#   Increase physical memory or swap space
#   Check if swap backing store is full
#   Decrease Java heap size (-Xmx/-Xms)
#   Decrease number of Java threads
#   Decrease Java thread stack sizes (-Xss)
#   Set larger code cache with -XX:ReservedCodeCacheSize=
#   JVM is running with Unscaled Compressed Oops mode in which the Java heap is
#     placed in the first 4GB address space. The Java Heap base address is the
#     maximum limit for the native heap growth. Please use -XX:HeapBaseMinAddress
#     to set the Java Heap base and to place the Java Heap above 4GB virtual address.
# This output file may be truncated or incomplete.
#
#  Out of Memory Error (allocation.cpp:389), pid=13128, tid=0x000000000000128c
#
# JRE version: OpenJDK Runtime Environment (8.0_242-b01) (build 1.8.0_242-release-1644-b01)
# Java VM: OpenJDK 64-Bit Server VM (25.242-b01 mixed mode windows-amd64 compressed oops)
# Failed to write core dump. Minidumps are not enabled by default on client versions of Windows
#

---------------  T H R E A D  ---------------

Current thread (0x0000000058a1a800):  JavaThread "C2 CompilerThread0" daemon [_thread_in_native, id=4748, stack(0x00000000592d0000,0x00000000593d0000)]

Stack: [0x00000000592d0000,0x00000000593d0000]
[error occurred during error reporting (printing stack bounds), id 0xc0000005]

Native frames: (J=compiled Java code, j=interpreted, Vv=VM code, C=native code)


Current CompileTask:
C2: 690397 20585       4       org.gradle.internal.instantiation.generator.AbstractClassGenerator$InjectionAnnotationValidator::validateMethod (478 bytes)


---------------  P R O C E S S  ---------------

Java Threads: ( => current thread )
  0x0000000067dd4800 JavaThread "RMI TCP Connection(1)-127.0.0.1" daemon [_thread_in_native, id=3868, stack(0x000000006c780000,0x000000006c880000)]
  0x0000000067dd3800 JavaThread "RMI Reaper" [_thread_blocked, id=15416, stack(0x000000006bae0000,0x000000006bbe0000)]
  0x0000000067dd3000 JavaThread "RMI TCP Accept-0" daemon [_thread_in_native, id=17972, stack(0x000000006c620000,0x000000006c720000)]
  0x0000000067dd2000 JavaThread "GC Daemon" daemon [_thread_blocked, id=6080, stack(0x000000006c510000,0x000000006c610000)]
  0x000000005a75a800 JavaThread "RMI RenewClean-[127.0.0.1:17045,org.jetbrains.kotlin.daemon.common.LoopbackNetworkInterface$ClientLoopbackSocketFactory@1cc00524]" daemon [_thread_blocked, id=19144, stack(0x0000000066e20000,0x0000000066f20000)]
  0x000000005ba2d800 JavaThread "RMI Scheduler(0)" daemon [_thread_blocked, id=18652, stack(0x000000006c410000,0x000000006c510000)]
  0x000000005ba2c000 JavaThread "WorkerExecutor Queue Thread 5" [_thread_blocked, id=6240, stack(0x000000006c0b0000,0x000000006c1b0000)]
  0x000000005a75c000 JavaThread "WorkerExecutor Queue Thread 4" [_thread_blocked, id=18816, stack(0x000000006bd70000,0x000000006be70000)]
  0x000000005a75b800 JavaThread "WorkerExecutor Queue Thread 3" [_thread_blocked, id=7704, stack(0x000000006bc60000,0x000000006bd60000)]
  0x000000005a75a000 JavaThread "WorkerExecutor Queue" [_thread_blocked, id=14480, stack(0x000000006b9e0000,0x000000006bae0000)]
  0x000000005a757800 JavaThread "stdout" [_thread_in_native, id=5820, stack(0x000000006b7a0000,0x000000006b8a0000)]
  0x000000005a757000 JavaThread "stderr" [_thread_in_native, id=15928, stack(0x000000006b8e0000,0x000000006b9e0000)]
  0x000000005ba33000 JavaThread "stdout" [_thread_in_native, id=10012, stack(0x000000006b6a0000,0x000000006b7a0000)]
  0x000000005ba32000 JavaThread "stderr" [_thread_in_native, id=11244, stack(0x000000006afb0000,0x000000006b0b0000)]
  0x000000005ba31800 JavaThread "stdout" [_thread_in_native, id=1628, stack(0x000000006b4c0000,0x000000006b5c0000)]
  0x000000005ba30800 JavaThread "stdout" [_thread_in_native, id=16368, stack(0x000000006b300000,0x000000006b400000)]
  0x000000005ba30000 JavaThread "stderr" [_thread_in_native, id=6832, stack(0x000000006ae30000,0x000000006af30000)]
  0x000000005ba2f000 JavaThread "stderr" [_thread_in_native, id=3624, stack(0x000000006aca0000,0x000000006ada0000)]
  0x000000005ba2e800 JavaThread "pool-6-thread-1" [_thread_blocked, id=12560, stack(0x000000006ab30000,0x000000006ac30000)]
  0x0000000058cd7800 JavaThread "Cache worker for execution history cache (C:\android projects\TheMovieDB\.gradle\6.1.1\executionHistory)" [_thread_blocked, id=12984, stack(0x000000006a850000,0x000000006a950000)]
  0x0000000058cd7000 JavaThread "Execution worker for ':' Thread 3" [_thread_blocked, id=9524, stack(0x000000006a970000,0x000000006aa70000)]
  0x0000000058cd6000 JavaThread "Execution worker for ':' Thread 2" [_thread_blocked, id=6168, stack(0x000000006a6c0000,0x000000006a7c0000)]
  0x0000000058cd5800 JavaThread "Execution worker for ':'" [_thread_blocked, id=5132, stack(0x0000000063c90000,0x0000000063d90000)]
  0x0000000058cd4800 JavaThread "Cache worker for file content cache (C:\android projects\TheMovieDB\.gradle\6.1.1\fileContent)" [_thread_blocked, id=11036, stack(0x000000006a410000,0x000000006a510000)]
  0x0000000058cd4000 JavaThread "Cache worker for file content cache (C:\Users\t420s\.gradle\caches\6.1.1\fileContent)" [_thread_blocked, id=18768, stack(0x000000005d1b0000,0x000000005d2b0000)]
  0x0000000058cd1000 JavaThread "Cache worker for Build Output Cleanup Cache (C:\android projects\TheMovieDB\.gradle\buildOutputCleanup)" [_thread_blocked, id=8508, stack(0x000000006a210000,0x000000006a310000)]
  0x0000000067dd1000 JavaThread "pool-5-thread-1" [_thread_blocked, id=10004, stack(0x000000006a0e0000,0x000000006a1e0000)]
  0x0000000067dd0000 JavaThread "Build operations Thread 4" [_thread_blocked, id=4972, stack(0x0000000066f20000,0x0000000067020000)]
  0x0000000067dcf800 JavaThread "Build operations Thread 3" [_thread_in_vm, id=7484, stack(0x0000000066a80000,0x0000000066b80000)]
  0x0000000067dce800 JavaThread "Build operations Thread 2" [_thread_blocked, id=4692, stack(0x00000000666f0000,0x00000000667f0000)]
  0x0000000067dce000 JavaThread "Build operations" [_thread_blocked, id=1808, stack(0x00000000620c0000,0x00000000621c0000)]
  0x0000000067dcd000 JavaThread "Cache worker for cache directory md-rule (C:\Users\t420s\.gradle\caches\6.1.1\md-rule)" [_thread_blocked, id=13004, stack(0x0000000063b50000,0x0000000063c50000)]
  0x000000005b5b3000 JavaThread "Cache worker for cache directory md-supplier (C:\Users\t420s\.gradle\caches\6.1.1\md-supplier)" [_thread_blocked, id=11612, stack(0x000000005ef20000,0x000000005f020000)]
  0x000000005b5a9000 JavaThread "Cache worker for file hash cache (C:\android projects\TheMovieDB\.gradle\6.1.1\fileHashes)" [_thread_blocked, id=14928, stack(0x0000000061fc0000,0x00000000620c0000)]
  0x000000005b5aa000 JavaThread "Cache worker for checksums cache (C:\android projects\TheMovieDB\.gradle\checksums)" [_thread_blocked, id=9576, stack(0x000000005f3f0000,0x000000005f4f0000)]
  0x000000005b5a7800 JavaThread "Thread-29" [_thread_blocked, id=12936, stack(0x000000005d2e0000,0x000000005d3e0000)]
  0x000000005b5a8800 JavaThread "Stdin handler" [_thread_blocked, id=11280, stack(0x000000005cf70000,0x000000005d070000)]
  0x000000005b5b1800 JavaThread "Asynchronous log dispatcher for DefaultDaemonConnection: socket connection from /127.0.0.1:56465 to /127.0.0.1:54045" [_thread_blocked, id=18064, stack(0x000000005c810000,0x000000005c910000)]
  0x000000005b5af000 JavaThread "Daemon worker Thread 2" [_thread_blocked, id=19400, stack(0x000000005cbb0000,0x000000005ccb0000)]
  0x000000005b5b0800 JavaThread "Cancel handler" [_thread_blocked, id=18804, stack(0x000000005ca80000,0x000000005cb80000)]
  0x000000005b5b0000 JavaThread "Handler for socket connection from /127.0.0.1:56465 to /127.0.0.1:54045" [_thread_in_native, id=11340, stack(0x000000005af90000,0x000000005b090000)]
  0x000000005b5b2000 JavaThread "Daemon Thread 2" [_thread_blocked, id=11640, stack(0x000000005c5a0000,0x000000005c6a0000)]
  0x000000005b5b4800 JavaThread "Memory manager" [_thread_blocked, id=2516, stack(0x0000000065d30000,0x0000000065e30000)]
  0x000000005b5aa800 JavaThread "Cache worker for execution history cache (C:\Users\t420s\.gradle\caches\6.1.1\executionHistory)" [_thread_blocked, id=8748, stack(0x000000005f030000,0x000000005f130000)]
  0x000000005b5a6800 JavaThread "Cache worker for file hash cache (C:\Users\t420s\.gradle\caches\6.1.1\fileHashes)" [_thread_blocked, id=8316, stack(0x000000005d9f0000,0x000000005daf0000)]
  0x000000005b5a6000 JavaThread "File lock request listener" [_thread_in_native, id=116, stack(0x000000005d710000,0x000000005d810000)]
  0x000000005b76e000 JavaThread "Cache worker for journal cache (C:\Users\t420s\.gradle\caches\journal-1)" [_thread_blocked, id=13940, stack(0x000000005d870000,0x000000005d970000)]
  0x000000005b3a4800 JavaThread "Daemon periodic checks" [_thread_blocked, id=17360, stack(0x000000005c910000,0x000000005ca10000)]
  0x000000005af00000 JavaThread "Incoming local TCP Connector on port 56465" [_thread_in_native, id=1132, stack(0x000000005c710000,0x000000005c810000)]
  0x000000005b16d800 JavaThread "Daemon health stats" [_thread_blocked, id=2176, stack(0x000000005c280000,0x000000005c380000)]
  0x0000000058a9f000 JavaThread "Service Thread" daemon [_thread_blocked, id=13544, stack(0x00000000596c0000,0x00000000597c0000)]
  0x0000000058a2e800 JavaThread "C1 CompilerThread2" daemon [_thread_blocked, id=20200, stack(0x0000000059520000,0x0000000059620000)]
  0x000000005798d800 JavaThread "C2 CompilerThread1" daemon [_thread_blocked, id=20180, stack(0x00000000593f0000,0x00000000594f0000)]
=>0x0000000058a1a800 JavaThread "C2 CompilerThread0" daemon [_thread_in_native, id=4748, stack(0x00000000592d0000,0x00000000593d0000)]
  0x0000000057982000 JavaThread "Attach Listener" daemon [_thread_blocked, id=16276, stack(0x0000000059140000,0x0000000059240000)]
  0x0000000058a1c800 JavaThread "Signal Dispatcher" daemon [_thread_blocked, id=9256, stack(0x0000000058e90000,0x0000000058f90000)]
  0x000000005796a000 JavaThread "Finalizer" daemon [_thread_blocked, id=7816, stack(0x0000000058910000,0x0000000058a10000)]
  0x0000000057963000 JavaThread "Reference Handler" daemon [_thread_blocked, id=11860, stack(0x00000000587f0000,0x00000000588f0000)]
  0x000000000237f000 JavaThread "main" [_thread_blocked, id=19112, stack(0x0000000002540000,0x0000000002640000)]

Other Threads:
  0x000000005791b800 VMThread [stack: 0x00000000586f0000,0x00000000587f0000] [id=9132]
  0x0000000058aa8800 WatcherThread [stack: 0x0000000059040000,0x0000000059140000] [id=18140]

VM state:not at safepoint (normal execution)

VM Mutex/Monitor currently owned by a thread: None

heap address: 0x0000000080000000, size: 2048 MB, Compressed Oops mode: 32-bit
Narrow klass base: 0x0000000000000000, Narrow klass shift: 0
Compressed class space size: 1073741824 Address: 0x0000000016f90000

Heap:
 PSYoungGen      total 641536K, used 584037K [0x00000000d5580000, 0x00000000ff980000, 0x0000000100000000)
  eden space 599040K, 94% used [0x00000000d5580000,0x00000000f7db69f0,0x00000000f9e80000)
  from space 42496K, 43% used [0x00000000fd000000,0x00000000fe222ce8,0x00000000ff980000)
  to   space 46592K, 0% used [0x00000000f9e80000,0x00000000f9e80000,0x00000000fcc00000)
 ParOldGen       total 215552K, used 113177K [0x0000000080000000, 0x000000008d280000, 0x00000000d5580000)
  object space 215552K, 52% used [0x0000000080000000,0x0000000086e86630,0x000000008d280000)
 Metaspace       used 102241K, capacity 107288K, committed 107544K, reserved 1142784K
  class space    used 13065K, capacity 14062K, committed 14104K, reserved 1048576K

Card table byte_map: [0x0000000011cd0000,0x00000000120e0000] byte_map_base: 0x00000000118d0000

Marking Bits: (ParMarkBitMap*) 0x000000005fcbf030
 Begin Bits: [0x0000000012b90000, 0x0000000014b90000)
 End Bits:   [0x0000000014b90000, 0x0000000016b90000)

Polling page: 0x0000000000130000

CodeCache: size=245760Kb used=56833Kb max_used=58460Kb free=188926Kb
 bounds [0x0000000002910000, 0x0000000006270000, 0x0000000011910000]
 total_blobs=17253 nmethods=16309 adapters=855
 compilation: enabled

Compilation events (10 events):
Event: 690.216 Thread 0x0000000058a2e800 nmethod 20580 0x00000000045c5c90 code [0x00000000045c5de0, 0x00000000045c5f30]
Event: 690.219 Thread 0x000000005798d800 20581       4       org.gradle.api.internal.artifacts.transform.DefaultTransformerInvocationFactory::determineProducerProject (45 bytes)
Event: 690.219 Thread 0x0000000058a1a800 20582       4       org.gradle.api.internal.artifacts.transform.TransformationStep$$Lambda$497/395872099::get$Lambda (9 bytes)
Event: 690.220 Thread 0x0000000058a1a800 nmethod 20582 0x00000000051b5b90 code [0x00000000051b5ce0, 0x00000000051b5d98]
Event: 690.220 Thread 0x0000000058a2e800 20583       1       org.gradle.internal.operations.DefaultBuildOperationQueue::access$800 (5 bytes)
Event: 690.221 Thread 0x0000000058a2e800 nmethod 20583 0x000000000522f5d0 code [0x000000000522f720, 0x000000000522f810]
Event: 690.221 Thread 0x0000000058a2e800 20584       1       org.gradle.internal.operations.DefaultBuildOperationQueue::access$500 (5 bytes)
Event: 690.221 Thread 0x0000000058a2e800 nmethod 20584 0x0000000005d58790 code [0x0000000005d588e0, 0x0000000005d589d0]
Event: 690.225 Thread 0x0000000058a1a800 20585       4       org.gradle.internal.instantiation.generator.AbstractClassGenerator$InjectionAnnotationValidator::validateMethod (478 bytes)
Event: 690.225 Thread 0x000000005798d800 nmethod 20581 0x000000000345fe10 code [0x000000000345ffa0, 0x0000000003460398]

GC Heap History (10 events):
Event: 670.135 GC heap before
{Heap before GC invocations=22 (full 4):
 PSYoungGen      total 646144K, used 646084K [0x00000000d5580000, 0x0000000100000000, 0x0000000100000000)
  eden space 609792K, 100% used [0x00000000d5580000,0x00000000fa900000,0x00000000fa900000)
  from space 36352K, 99% used [0x00000000fa900000,0x00000000fcc71130,0x00000000fcc80000)
  to   space 49152K, 0% used [0x00000000fd000000,0x00000000fd000000,0x0000000100000000)
 ParOldGen       total 215552K, used 93989K [0x0000000080000000, 0x000000008d280000, 0x00000000d5580000)
  object space 215552K, 43% used [0x0000000080000000,0x0000000085bc94e8,0x000000008d280000)
 Metaspace       used 96617K, capacity 101310K, committed 101400K, reserved 1136640K
  class space    used 12369K, capacity 13305K, committed 13336K, reserved 1048576K
Event: 670.237 GC heap after
Heap after GC invocations=22 (full 4):
 PSYoungGen      total 640512K, used 38926K [0x00000000d5580000, 0x0000000100000000, 0x0000000100000000)
  eden space 591360K, 0% used [0x00000000d5580000,0x00000000d5580000,0x00000000f9700000)
  from space 49152K, 79% used [0x00000000fd000000,0x00000000ff603838,0x0000000100000000)
  to   space 53760K, 0% used [0x00000000f9700000,0x00000000f9700000,0x00000000fcb80000)
 ParOldGen       total 215552K, used 93997K [0x0000000080000000, 0x000000008d280000, 0x00000000d5580000)
  object space 215552K, 43% used [0x0000000080000000,0x0000000085bcb4e8,0x000000008d280000)
 Metaspace       used 96617K, capacity 101310K, committed 101400K, reserved 1136640K
  class space    used 12369K, capacity 13305K, committed 13336K, reserved 1048576K
}
Event: 670.864 GC heap before
{Heap before GC invocations=23 (full 4):
 PSYoungGen      total 640512K, used 630286K [0x00000000d5580000, 0x0000000100000000, 0x0000000100000000)
  eden space 591360K, 100% used [0x00000000d5580000,0x00000000f9700000,0x00000000f9700000)
  from space 49152K, 79% used [0x00000000fd000000,0x00000000ff603838,0x0000000100000000)
  to   space 53760K, 0% used [0x00000000f9700000,0x00000000f9700000,0x00000000fcb80000)
 ParOldGen       total 215552K, used 93997K [0x0000000080000000, 0x000000008d280000, 0x00000000d5580000)
  object space 215552K, 43% used [0x0000000080000000,0x0000000085bcb4e8,0x000000008d280000)
 Metaspace       used 96627K, capacity 101310K, committed 101400K, reserved 1136640K
  class space    used 12369K, capacity 13305K, committed 13336K, reserved 1048576K
Event: 670.897 GC heap after
Heap after GC invocations=23 (full 4):
 PSYoungGen      total 645120K, used 28883K [0x00000000d5580000, 0x0000000100000000, 0x0000000100000000)
  eden space 591360K, 0% used [0x00000000d5580000,0x00000000d5580000,0x00000000f9700000)
  from space 53760K, 53% used [0x00000000f9700000,0x00000000fb334e68,0x00000000fcb80000)
  to   space 53248K, 0% used [0x00000000fcc00000,0x00000000fcc00000,0x0000000100000000)
 ParOldGen       total 215552K, used 94005K [0x0000000080000000, 0x000000008d280000, 0x00000000d5580000)
  object space 215552K, 43% used [0x0000000080000000,0x0000000085bcd4e8,0x000000008d280000)
 Metaspace       used 96627K, capacity 101310K, committed 101400K, reserved 1136640K
  class space    used 12369K, capacity 13305K, committed 13336K, reserved 1048576K
}
Event: 675.379 GC heap before
{Heap before GC invocations=24 (full 4):
 PSYoungGen      total 645120K, used 620243K [0x00000000d5580000, 0x0000000100000000, 0x0000000100000000)
  eden space 591360K, 100% used [0x00000000d5580000,0x00000000f9700000,0x00000000f9700000)
  from space 53760K, 53% used [0x00000000f9700000,0x00000000fb334e68,0x00000000fcb80000)
  to   space 53248K, 0% used [0x00000000fcc00000,0x00000000fcc00000,0x0000000100000000)
 ParOldGen       total 215552K, used 94005K [0x0000000080000000, 0x000000008d280000, 0x00000000d5580000)
  object space 215552K, 43% used [0x0000000080000000,0x0000000085bcd4e8,0x000000008d280000)
 Metaspace       used 97963K, capacity 102696K, committed 102808K, reserved 1138688K
  class space    used 12496K, capacity 13450K, committed 13464K, reserved 1048576K
Event: 675.435 GC heap after
Heap after GC invocations=24 (full 4):
 PSYoungGen      total 639488K, used 18673K [0x00000000d5580000, 0x00000000ffa80000, 0x0000000100000000)
  eden space 591872K, 0% used [0x00000000d5580000,0x00000000d5580000,0x00000000f9780000)
  from space 47616K, 39% used [0x00000000fcc00000,0x00000000fde3c558,0x00000000ffa80000)
  to   space 50688K, 0% used [0x00000000f9780000,0x00000000f9780000,0x00000000fc900000)
 ParOldGen       total 215552K, used 113139K [0x0000000080000000, 0x000000008d280000, 0x00000000d5580000)
  object space 215552K, 52% used [0x0000000080000000,0x0000000086e7cf00,0x000000008d280000)
 Metaspace       used 97963K, capacity 102696K, committed 102808K, reserved 1138688K
  class space    used 12496K, capacity 13450K, committed 13464K, reserved 1048576K
}
Event: 679.964 GC heap before
{Heap before GC invocations=25 (full 4):
 PSYoungGen      total 639488K, used 610545K [0x00000000d5580000, 0x00000000ffa80000, 0x0000000100000000)
  eden space 591872K, 100% used [0x00000000d5580000,0x00000000f9780000,0x00000000f9780000)
  from space 47616K, 39% used [0x00000000fcc00000,0x00000000fde3c558,0x00000000ffa80000)
  to   space 50688K, 0% used [0x00000000f9780000,0x00000000f9780000,0x00000000fc900000)
 ParOldGen       total 215552K, used 113139K [0x0000000080000000, 0x000000008d280000, 0x00000000d5580000)
  object space 215552K, 52% used [0x0000000080000000,0x0000000086e7cf00,0x000000008d280000)
 Metaspace       used 100409K, capacity 105352K, committed 105496K, reserved 1140736K
  class space    used 12777K, capacity 13770K, committed 13848K, reserved 1048576K
Event: 679.982 GC heap after
Heap after GC invocations=25 (full 4):
 PSYoungGen      total 642560K, used 13188K [0x00000000d5580000, 0x0000000100000000, 0x0000000100000000)
  eden space 591872K, 0% used [0x00000000d5580000,0x00000000d5580000,0x00000000f9780000)
  from space 50688K, 26% used [0x00000000f9780000,0x00000000fa4611c8,0x00000000fc900000)
  to   space 49152K, 0% used [0x00000000fd000000,0x00000000fd000000,0x0000000100000000)
 ParOldGen       total 215552K, used 113147K [0x0000000080000000, 0x000000008d280000, 0x00000000d5580000)
  object space 215552K, 52% used [0x0000000080000000,0x0000000086e7ef00,0x000000008d280000)
 Metaspace       used 100409K, capacity 105352K, committed 105496K, reserved 1140736K
  class space    used 12777K, capacity 13770K, committed 13848K, reserved 1048576K
}
Event: 681.846 GC heap before
{Heap before GC invocations=26 (full 4):
 PSYoungGen      total 642560K, used 605060K [0x00000000d5580000, 0x0000000100000000, 0x0000000100000000)
  eden space 591872K, 100% used [0x00000000d5580000,0x00000000f9780000,0x00000000f9780000)
  from space 50688K, 26% used [0x00000000f9780000,0x00000000fa4611c8,0x00000000fc900000)
  to   space 49152K, 0% used [0x00000000fd000000,0x00000000fd000000,0x0000000100000000)
 ParOldGen       total 215552K, used 113169K [0x0000000080000000, 0x000000008d280000, 0x00000000d5580000)
  object space 215552K, 52% used [0x0000000080000000,0x0000000086e84630,0x000000008d280000)
 Metaspace       used 100699K, capacity 105656K, committed 105752K, reserved 1140736K
  class space    used 12821K, capacity 13804K, committed 13848K, reserved 1048576K
Event: 681.858 GC heap after
Heap after GC invocations=26 (full 4):
 PSYoungGen      total 641536K, used 18571K [0x00000000d5580000, 0x00000000ff980000, 0x0000000100000000)
  eden space 599040K, 0% used [0x00000000d5580000,0x00000000d5580000,0x00000000f9e80000)
  from space 42496K, 43% used [0x00000000fd000000,0x00000000fe222ce8,0x00000000ff980000)
  to   space 46592K, 0% used [0x00000000f9e80000,0x00000000f9e80000,0x00000000fcc00000)
 ParOldGen       total 215552K, used 113177K [0x0000000080000000, 0x000000008d280000, 0x00000000d5580000)
  object space 215552K, 52% used [0x0000000080000000,0x0000000086e86630,0x000000008d280000)
 Metaspace       used 100699K, capacity 105656K, committed 105752K, reserved 1140736K
  class space    used 12821K, capacity 13804K, committed 13848K, reserved 1048576K
}

Deoptimization events (10 events):
Event: 690.219 Thread 0x0000000058cd7000 Uncommon trap: reason=class_check action=maybe_recompile pc=0x00000000053635c4 method=org.gradle.api.internal.artifacts.transform.TransformationStep.isolateTransformerParameters(Lorg/gradle/internal/fingerprint/FileCollectionFingerprinterRegistry;)V @ 4
Event: 690.219 Thread 0x0000000058cd7000 Uncommon trap: reason=class_check action=maybe_recompile pc=0x000000000535fe68 method=org.gradle.api.internal.artifacts.transform.DefaultExecutionGraphDependenciesResolver.forTransformer(Lorg/gradle/api/internal/artifacts/transform/Transformer;)Lorg/gradl
Event: 690.219 Thread 0x0000000058cd7000 Uncommon trap: reason=class_check action=maybe_recompile pc=0x0000000005c61e58 method=org.gradle.api.internal.artifacts.transform.DefaultTransformerInvocationFactory.createInvocation(Lorg/gradle/api/internal/artifacts/transform/Transformer;Ljava/io/File;L
Event: 690.219 Thread 0x0000000058cd7000 Uncommon trap: reason=class_check action=maybe_recompile pc=0x00000000053635c4 method=org.gradle.api.internal.artifacts.transform.TransformationStep.isolateTransformerParameters(Lorg/gradle/internal/fingerprint/FileCollectionFingerprinterRegistry;)V @ 4
Event: 690.219 Thread 0x0000000058cd7000 Uncommon trap: reason=class_check action=maybe_recompile pc=0x000000000535fe68 method=org.gradle.api.internal.artifacts.transform.DefaultExecutionGraphDependenciesResolver.forTransformer(Lorg/gradle/api/internal/artifacts/transform/Transformer;)Lorg/gradl
Event: 690.219 Thread 0x0000000058cd7000 Uncommon trap: reason=class_check action=maybe_recompile pc=0x0000000005c61e58 method=org.gradle.api.internal.artifacts.transform.DefaultTransformerInvocationFactory.createInvocation(Lorg/gradle/api/internal/artifacts/transform/Transformer;Ljava/io/File;L
Event: 690.219 Thread 0x0000000058cd7000 Uncommon trap: reason=class_check action=maybe_recompile pc=0x00000000053635c4 method=org.gradle.api.internal.artifacts.transform.TransformationStep.isolateTransformerParameters(Lorg/gradle/internal/fingerprint/FileCollectionFingerprinterRegistry;)V @ 4
Event: 690.219 Thread 0x0000000058cd7000 Uncommon trap: reason=class_check action=maybe_recompile pc=0x000000000535fe68 method=org.gradle.api.internal.artifacts.transform.DefaultExecutionGraphDependenciesResolver.forTransformer(Lorg/gradle/api/internal/artifacts/transform/Transformer;)Lorg/gradl
Event: 690.219 Thread 0x0000000058cd7000 Uncommon trap: reason=class_check action=maybe_recompile pc=0x0000000005c61e58 method=org.gradle.api.internal.artifacts.transform.DefaultTransformerInvocationFactory.createInvocation(Lorg/gradle/api/internal/artifacts/transform/Transformer;Ljava/io/File;L
Event: 690.219 Thread 0x0000000058cd7000 Uncommon trap: reason=class_check action=maybe_recompile pc=0x0000000005c597bc method=org.gradle.api.internal.artifacts.transform.DefaultTransformerInvocationFactory.createInvocation(Lorg/gradle/api/internal/artifacts/transform/Transformer;Ljava/io/File;L

Classes redefined (0 events):
No events

Internal exceptions (10 events):
Event: 683.884 Thread 0x0000000058cd7000 Exception <a 'java/lang/NoSuchMethodError': <clinit>> (0x00000000f7106098) thrown at [C:\src\AOSP-openjdk-git\hotspot\src\share\vm\prims\jni.cpp, line 1615]
Event: 683.885 Thread 0x0000000058cd7000 Exception <a 'java/lang/NoSuchMethodError': <clinit>> (0x00000000f7114338) thrown at [C:\src\AOSP-openjdk-git\hotspot\src\share\vm\prims\jni.cpp, line 1615]
Event: 683.900 Thread 0x0000000058cd7000 Exception <a 'java/lang/NoSuchMethodError': <clinit>> (0x00000000f712d468) thrown at [C:\src\AOSP-openjdk-git\hotspot\src\share\vm\prims\jni.cpp, line 1615]
Event: 683.920 Thread 0x000000005a75a800 Exception <a 'java/lang/InterruptedException'> (0x00000000f758eea0) thrown at [C:\src\AOSP-openjdk-git\hotspot\src\share\vm\runtime\objectMonitor.cpp, line 1680]
Event: 683.941 Thread 0x0000000058cd7000 Exception <a 'java/lang/NoSuchMethodError': <clinit>> (0x00000000f71a7af8) thrown at [C:\src\AOSP-openjdk-git\hotspot\src\share\vm\prims\jni.cpp, line 1615]
Event: 683.942 Thread 0x0000000058cd7000 Exception <a 'java/lang/NoSuchMethodError': <clinit>> (0x00000000f71b5a08) thrown at [C:\src\AOSP-openjdk-git\hotspot\src\share\vm\prims\jni.cpp, line 1615]
Event: 683.944 Thread 0x0000000058cd7000 Exception <a 'java/lang/NoSuchMethodError': <clinit>> (0x00000000f71c8b38) thrown at [C:\src\AOSP-openjdk-git\hotspot\src\share\vm\prims\jni.cpp, line 1615]
Event: 683.952 Thread 0x0000000058cd7000 Exception <a 'java/lang/NoSuchMethodError': <clinit>> (0x00000000f71fdf68) thrown at [C:\src\AOSP-openjdk-git\hotspot\src\share\vm\prims\jni.cpp, line 1615]
Event: 683.978 Thread 0x0000000058cd7000 Exception <a 'java/lang/NoSuchMethodError': <clinit>> (0x00000000f7363aa0) thrown at [C:\src\AOSP-openjdk-git\hotspot\src\share\vm\prims\jni.cpp, line 1615]
Event: 683.992 Thread 0x0000000058cd7000 Exception <a 'java/lang/NoSuchMethodError': <clinit>> (0x00000000f74122d8) thrown at [C:\src\AOSP-openjdk-git\hotspot\src\share\vm\prims\jni.cpp, line 1615]

Events (10 events):
Event: 690.219 Thread 0x0000000058cd7000 Uncommon trap: trap_request=0xffffffde fr.pc=0x0000000005c61e58
Event: 690.219 Thread 0x0000000058cd7000 DEOPT PACKING pc=0x0000000005c61e58 sp=0x000000006aa6c1f0
Event: 690.219 Thread 0x0000000058cd7000 DEOPT UNPACKING pc=0x000000000295557b sp=0x000000006aa6c0a8 mode 2
Event: 690.219 Thread 0x0000000058cd7000 Uncommon trap: trap_request=0xffffffde fr.pc=0x0000000005c597bc
Event: 690.219 Thread 0x0000000058cd7000 DEOPT PACKING pc=0x0000000005c597bc sp=0x000000006aa6c160
Event: 690.219 Thread 0x0000000058cd7000 DEOPT UNPACKING pc=0x000000000295557b sp=0x000000006aa6c098 mode 2
Event: 690.225 loading class org/jetbrains/kotlin/gradle/internal/kapt/incremental/ClasspathAnalyzerKt
Event: 690.225 loading class org/jetbrains/kotlin/gradle/internal/kapt/incremental/ClasspathAnalyzerKt done
Event: 690.227 loading class org/jetbrains/kotlin/gradle/internal/kapt/incremental/ClasspathEntryData
Event: 690.227 loading class org/jetbrains/kotlin/gradle/internal/kapt/incremental/ClasspathEntryData done


Dynamic libraries:
0x000000013fb90000 - 0x000000013fbc1000 	C:\Program Files\Android\Android Studio2\jre\bin\java.exe
0x00000000771d0000 - 0x0000000077379000 	C:\Windows\SYSTEM32\ntdll.dll
0x0000000076fb0000 - 0x00000000770cf000 	C:\Windows\system32\kernel32.dll
0x000007fefd2b0000 - 0x000007fefd31c000 	C:\Windows\system32\KERNELBASE.dll
0x000007fefec20000 - 0x000007fefecfb000 	C:\Windows\system32\ADVAPI32.dll
0x000007fefed10000 - 0x000007fefedaf000 	C:\Windows\system32\msvcrt.dll
0x000007fefd6b0000 - 0x000007fefd6cf000 	C:\Windows\SYSTEM32\sechost.dll
0x000007fefe810000 - 0x000007fefe93d000 	C:\Windows\system32\RPCRT4.dll
0x00000000770d0000 - 0x00000000771ca000 	C:\Windows\system32\USER32.dll
0x000007fefd6d0000 - 0x000007fefd737000 	C:\Windows\system32\GDI32.dll
0x000007fefd470000 - 0x000007fefd47e000 	C:\Windows\system32\LPK.dll
0x000007fefd350000 - 0x000007fefd419000 	C:\Windows\system32\USP10.dll
0x000007fefc000000 - 0x000007fefc1f4000 	C:\Windows\WinSxS\amd64_microsoft.windows.common-controls_6595b64144ccf1df_6.0.7601.17514_none_fa396087175ac9ac\COMCTL32.dll
0x000007fefeb20000 - 0x000007fefeb91000 	C:\Windows\system32\SHLWAPI.dll
0x000007fefe5d0000 - 0x000007fefe5fe000 	C:\Windows\system32\IMM32.DLL
0x000007feff180000 - 0x000007feff289000 	C:\Windows\system32\MSCTF.dll
0x0000000063e00000 - 0x0000000063ed2000 	C:\Program Files\Android\Android Studio2\jre\jre\bin\msvcr100.dll
0x000000005f4f0000 - 0x000000005fd3b000 	C:\Program Files\Android\Android Studio2\jre\jre\bin\server\jvm.dll
0x000007fef7c00000 - 0x000007fef7c09000 	C:\Windows\system32\WSOCK32.dll
0x000007fefd420000 - 0x000007fefd46d000 	C:\Windows\system32\WS2_32.dll
0x000007fefed00000 - 0x000007fefed08000 	C:\Windows\system32\NSI.dll
0x000007fef9570000 - 0x000007fef95ab000 	C:\Windows\system32\WINMM.dll
0x000007fefbd10000 - 0x000007fefbd1c000 	C:\Windows\system32\VERSION.dll
0x0000000077390000 - 0x0000000077397000 	C:\Windows\system32\PSAPI.DLL
0x000007fefb340000 - 0x000007fefb34f000 	C:\Program Files\Android\Android Studio2\jre\jre\bin\verify.dll
0x000007fefb1c0000 - 0x000007fefb1e9000 	C:\Program Files\Android\Android Studio2\jre\jre\bin\java.dll
0x000007fef8d90000 - 0x000007fef8da6000 	C:\Program Files\Android\Android Studio2\jre\jre\bin\zip.dll
0x000007fefd840000 - 0x000007fefe5c8000 	C:\Windows\system32\SHELL32.dll
0x000007fefe600000 - 0x000007fefe803000 	C:\Windows\system32\ole32.dll
0x000007fefcf90000 - 0x000007fefcf9f000 	C:\Windows\system32\profapi.dll
0x000007fef8d50000 - 0x000007fef8d6a000 	C:\Program Files\Android\Android Studio2\jre\jre\bin\net.dll
0x000007fefc770000 - 0x000007fefc7c5000 	C:\Windows\system32\mswsock.dll
0x000007fefc760000 - 0x000007fefc767000 	C:\Windows\System32\wship6.dll
0x000007fef8d30000 - 0x000007fef8d43000 	C:\Program Files\Android\Android Studio2\jre\jre\bin\nio.dll
0x000007fef1310000 - 0x000007fef1336000 	C:\Users\t420s\.gradle\native\31\windows-amd64\native-platform.dll
0x000007fef7220000 - 0x000007fef7223000 	C:\Windows\system32\api-ms-win-core-synch-l1-2-0.DLL
0x000007fef9070000 - 0x000007fef907d000 	C:\Program Files\Android\Android Studio2\jre\jre\bin\management.dll
0x000007fefc7d0000 - 0x000007fefc7e7000 	C:\Windows\system32\CRYPTSP.dll
0x000007fefc4d0000 - 0x000007fefc517000 	C:\Windows\system32\rsaenh.dll
0x000007fefd290000 - 0x000007fefd2ae000 	C:\Windows\system32\USERENV.dll
0x000007fefce30000 - 0x000007fefce3f000 	C:\Windows\system32\CRYPTBASE.dll
0x000007fefb2c0000 - 0x000007fefb2e7000 	C:\Windows\system32\IPHLPAPI.DLL
0x000007fefb2b0000 - 0x000007fefb2bb000 	C:\Windows\system32\WINNSI.DLL
0x000007fefb0c0000 - 0x000007fefb0d8000 	C:\Windows\system32\dhcpcsvc.DLL
0x000007fefb0a0000 - 0x000007fefb0b1000 	C:\Windows\system32\dhcpcsvc6.DLL
0x000007fef70d0000 - 0x000007fef70f4000 	C:\Program Files\Android\Android Studio2\jre\jre\bin\sunec.dll
0x000007fefbde0000 - 0x000007fefbde7000 	C:\Windows\System32\wshtcpip.dll
0x000007fefc5f0000 - 0x000007fefc64b000 	C:\Windows\system32\DNSAPI.dll
0x000007fef2e40000 - 0x000007fef2e48000 	C:\Windows\system32\rasadhlp.dll
0x000007fefb140000 - 0x000007fefb193000 	C:\Windows\System32\fwpuclnt.dll
0x000007fef8c70000 - 0x000007fef8c7b000 	C:\Program Files\Android\Android Studio2\jre\jre\bin\sunmscapi.dll
0x000007fefcfb0000 - 0x000007fefd11c000 	C:\Windows\system32\CRYPT32.dll
0x000007fefcfa0000 - 0x000007fefcfaf000 	C:\Windows\system32\MSASN1.dll
0x000007fefcdd0000 - 0x000007fefce27000 	C:\Windows\system32\apphelp.dll
0x000007fef1ce0000 - 0x000007fef1cfe000 	C:\Users\t420s\AppData\Local\Temp\native-platform5813989058429901088dir\native-platform.dll

VM Arguments:
jvm_args: -Xmx2048m -Dfile.encoding=windows-1251 -Duser.country=RU -Duser.language=ru -Duser.variant 
java_command: org.gradle.launcher.daemon.bootstrap.GradleDaemon 6.1.1
java_class_path (initial): C:\Users\t420s\.gradle\wrapper\dists\gradle-6.1.1-all\cfmwm155h49vnt3hynmlrsdst\gradle-6.1.1\lib\gradle-launcher-6.1.1.jar
Launcher Type: SUN_STANDARD

Environment Variables:
JAVA_HOME=C:\Program Files\Java\jdk-12.0.1
PATH=C:\Program Files (x86)\Common Files\Oracle\Java\javapath;C:\Windows\system32;C:\Windows;C:\Windows\System32\Wbem;C:\Windows\System32\WindowsPowerShell\v1.0\;C:\Program Files\Intel\WiFi\bin\;C:\Program Files\Common Files\Intel\WirelessCommon\;C:\Program Files (x86)\Intel\OpenCL SDK\2.0\bin\x86;C:\Program Files (x86)\Intel\OpenCL SDK\2.0\bin\x64;C:\Program Files\ThinkPad\Bluetooth Software\;C:\Program Files\ThinkPad\Bluetooth Software\syswow64;C:\Program Files (x86)\Calibre2\;C:\Program Files\Git\cmd;C:\\Program Files\PostgreSQL\12;C:\Program Files\Java\jdk-12.0.1;C:\Program Files\nodejs\;C:\HaxeToolkit\haxe;C:\HaxeToolkit\neko;C:\Program Files\Intel\WiFi\bin\;C:\Program Files\Common Files\Intel\WirelessCommon\;C:\Program Files\Docker Toolbox;C:\Users\t420s\AppData\Roaming\npm
USERNAME=t420s
OS=Windows_NT
PROCESSOR_IDENTIFIER=Intel64 Family 6 Model 42 Stepping 7, GenuineIntel



---------------  S Y S T E M  ---------------

OS: Windows 7 , 64 bit Build 7601 (6.1.7601.18409)

CPU:total 4 (initial active 4) (2 cores per cpu, 2 threads per core) family 6 model 42 stepping 7, cmov, cx8, fxsr, mmx, sse, sse2, sse3, ssse3, sse4.1, sse4.2, popcnt, avx, aes, clmul, ht, tsc, tscinvbit

Memory: 4k page, physical 8268016k(346344k free), swap 14144400k(4088k free)

vm_info: OpenJDK 64-Bit Server VM (25.242-b01) for windows-amd64 JRE (1.8.0_242-release-1644-b01), built by "builder" with MS VC++ 10.0 (VS2010)

time: Mon Aug 03 09:23:37 2020
timezone: Финляндия (лето)
elapsed time: 690 seconds (0d 0h 11m 30s)

